<?xml version="1.0" encoding="UTF-8"?>
<!-- Generated by org.testng.reporters.JUnitReportReporter -->
<testsuite skipped="0" hostname="dell-Inspiron-3542" name="AmazonSearch" tests="7" failures="0" timestamp="2019-02-14T19:15:46 IST" time="33.601" errors="0">
  <testcase name="selectCategoryandSearchitem" time="14.767" classname="AmazonSearch"/>
  <testcase name="pickResult" time="18.164" classname="AmazonSearch"/>
  <testcase name="getResultTitle" time="0.211" classname="AmazonSearch"/>
  <testcase name="getAuthorName" time="0.083" classname="AmazonSearch"/>
  <testcase name="getEditionwisePrice" time="0.138" classname="AmazonSearch"/>
  <testcase name="getAverageReview" time="0.118" classname="AmazonSearch"/>
  <testcase name="getStockAvailability" time="0.120" classname="AmazonSearch"/>
</testsuite> <!-- AmazonSearch -->
